2025-02-06 17:00:49,180 - __main__ - INFO - Secret Santa for 2025 started
2025-02-06 17:00:57,516 - __main__ - INFO - Secret Santa for 2025 started
2025-02-06 17:01:22,526 - __main__ - INFO - Secret Santa for 2025 started
2025-02-06 17:01:43,787 - __main__ - INFO - Secret Santa for 2025 started
2025-02-06 17:01:43,788 - __main__ - INFO - Data read from participants.json
2025-02-06 17:01:43,788 - __main__ - INFO - Data loaded from participants.json
2025-02-06 17:01:59,785 - __main__ - INFO - Data written to participants.json
2025-02-06 17:01:59,786 - __main__ - INFO - Data written to participants.json
2025-02-06 17:01:59,786 - __main__ - INFO - Secret Santa for 2025 ended
2025-02-06 17:01:59,856 - __main__ - INFO - Secret Santa for 2025 started
2025-02-06 17:01:59,856 - __main__ - INFO - Data read from participants.json
2025-02-06 17:01:59,856 - __main__ - INFO - Data loaded from participants.json
2025-02-06 17:02:21,220 - __main__ - INFO - Data written to participants.json
2025-02-06 17:02:21,221 - __main__ - INFO - Data written to participants.json
2025-02-06 17:02:21,221 - __main__ - INFO - Secret Santa for 2025 ended
2025-02-06 17:02:26,318 - __main__ - INFO - Secret Santa for 2025 started
2025-02-06 17:02:26,318 - __main__ - INFO - Data read from participants.json
2025-02-06 17:02:26,318 - __main__ - INFO - Data loaded from participants.json
2025-02-06 17:02:35,867 - __main__ - INFO - Data written to participants.json
2025-02-06 17:02:35,867 - __main__ - INFO - Data written to participants.json
2025-02-06 17:02:35,867 - __main__ - INFO - Secret Santa for 2025 ended
